<?xml version="1.0" encoding="UTF-8"?>
<!-- Generated by org.testng.reporters.JUnitXMLReporter -->
<testsuite ignored="0" hostname="DESKTOP-UM2MPT8" failures="0" tests="21" name="POMJobbyAppTest4" time="57.623" errors="0" timestamp="2023-09-16T11:50:58 IST">
  <testcase classname="TestScenarios.LoginPageTest" name="LoginPageUITest" time="0.137"/>
  <testcase classname="TestScenarios.HeaderSectionTest" name="HeaderSectionAppLogoImage" time="1.169"/>
  <testcase classname="TestScenarios.LoginPageTest" name="SubmissionWithEmptyInput" time="0.788"/>
  <testcase classname="TestScenarios.HeaderSectionTest" name="ClickOnNavbarJobsLink" time="1.058"/>
  <testcase classname="TestScenarios.LoginPageTest" name="SubmissionWithEmptyUsername" time="0.813"/>
  <testcase classname="TestScenarios.HeaderSectionTest" name="ClickOnAppLogo" time="1.299"/>
  <testcase classname="TestScenarios.LoginPageTest" name="SubmissionWithEmptyPassword" time="1.032"/>
  <testcase classname="TestScenarios.HeaderSectionTest" name="ClickOnNavbarHome" time="1.349"/>
  <testcase classname="TestScenarios.LoginPageTest" name="SubmissionWithInvalidPassword" time="1.24"/>
  <testcase classname="TestScenarios.LoginPageTest" name="SuccessfulLogin" time="0.884"/>
  <testcase classname="TestScenarios.HeaderSectionTest" name="ClickOnLogout" time="0.965"/>
  <testcase classname="TestScenarios.HomePageTest" name="HomePageHeadingText" time="0.88"/>
  <testcase classname="TestScenarios.JobsPageTest" name="ProfileContainerUI" time="0.54"/>
  <testcase classname="TestScenarios.HomePageTest" name="ClickOnFindJobFunctionality" time="0.996"/>
  <testcase classname="TestScenarios.JobsPageTest" name="SuccessfulSearch" time="0.908"/>
  <testcase classname="TestScenarios.JobsPageTest" name="SuccessfulSearch" time="0.912"/>
  <testcase classname="TestScenarios.JobsPageTest" name="SuccessfulSearch" time="0.869"/>
  <testcase classname="TestScenarios.JobsPageTest" name="SuccessfulSearch" time="0.878"/>
  <testcase classname="TestScenarios.JobsPageTest" name="SuccessfulSearch" time="0.895"/>
  <testcase classname="TestScenarios.JobsPageTest" name="SuccessfulSearch" time="0.87"/>
  <testcase classname="TestScenarios.JobsPageTest" name="UnsuccessfulSearch" time="1.013"/>
</testsuite> <!-- POMJobbyAppTest4 -->
