<?xml version="1.0" encoding="UTF-8"?>
<testng-results ignored="0" total="21" passed="21" failed="0" skipped="0">
  <reporter-output>
  </reporter-output>
  <suite started-at="2023-09-16T11:50:01 IST" name="All Test Suite" finished-at="2023-09-16T11:50:58 IST" duration-ms="57623">
    <groups>
    </groups>
    <test started-at="2023-09-16T11:50:01 IST" name="POMJobbyAppTest4" finished-at="2023-09-16T11:50:58 IST" duration-ms="57623">
      <class name="TestScenarios.HeaderSectionTest">
        <test-method is-config="true" signature="SetUp()[pri:0, instance:TestScenarios.HeaderSectionTest@229d10bd]" started-at="2023-09-16T11:50:01 IST" name="SetUp" finished-at="2023-09-16T11:50:05 IST" duration-ms="4380" status="PASS">
          <reporter-output>
          </reporter-output>
        </test-method> <!-- SetUp -->
        <test-method signature="HeaderSectionAppLogoImage()[pri:7, instance:TestScenarios.HeaderSectionTest@229d10bd]" started-at="2023-09-16T11:50:05 IST" name="HeaderSectionAppLogoImage" finished-at="2023-09-16T11:50:06 IST" duration-ms="1169" status="PASS">
          <reporter-output>
          </reporter-output>
        </test-method> <!-- HeaderSectionAppLogoImage -->
        <test-method is-config="true" signature="TearDown()[pri:0, instance:TestScenarios.HeaderSectionTest@229d10bd]" started-at="2023-09-16T11:50:06 IST" name="TearDown" finished-at="2023-09-16T11:50:07 IST" duration-ms="394" status="PASS">
          <reporter-output>
          </reporter-output>
        </test-method> <!-- TearDown -->
        <test-method is-config="true" signature="SetUp()[pri:0, instance:TestScenarios.HeaderSectionTest@229d10bd]" started-at="2023-09-16T11:50:07 IST" name="SetUp" finished-at="2023-09-16T11:50:09 IST" duration-ms="1900" status="PASS">
          <reporter-output>
          </reporter-output>
        </test-method> <!-- SetUp -->
        <test-method signature="ClickOnNavbarJobsLink()[pri:8, instance:TestScenarios.HeaderSectionTest@229d10bd]" started-at="2023-09-16T11:50:09 IST" name="ClickOnNavbarJobsLink" finished-at="2023-09-16T11:50:10 IST" duration-ms="1058" status="PASS">
          <reporter-output>
          </reporter-output>
        </test-method> <!-- ClickOnNavbarJobsLink -->
        <test-method is-config="true" signature="TearDown()[pri:0, instance:TestScenarios.HeaderSectionTest@229d10bd]" started-at="2023-09-16T11:50:10 IST" name="TearDown" finished-at="2023-09-16T11:50:10 IST" duration-ms="246" status="PASS">
          <reporter-output>
          </reporter-output>
        </test-method> <!-- TearDown -->
        <test-method is-config="true" signature="SetUp()[pri:0, instance:TestScenarios.HeaderSectionTest@229d10bd]" started-at="2023-09-16T11:50:10 IST" name="SetUp" finished-at="2023-09-16T11:50:12 IST" duration-ms="1919" status="PASS">
          <reporter-output>
          </reporter-output>
        </test-method> <!-- SetUp -->
        <test-method signature="ClickOnAppLogo()[pri:9, instance:TestScenarios.HeaderSectionTest@229d10bd]" started-at="2023-09-16T11:50:12 IST" name="ClickOnAppLogo" finished-at="2023-09-16T11:50:13 IST" duration-ms="1299" status="PASS">
          <reporter-output>
          </reporter-output>
        </test-method> <!-- ClickOnAppLogo -->
        <test-method is-config="true" signature="TearDown()[pri:0, instance:TestScenarios.HeaderSectionTest@229d10bd]" started-at="2023-09-16T11:50:13 IST" name="TearDown" finished-at="2023-09-16T11:50:13 IST" duration-ms="232" status="PASS">
          <reporter-output>
          </reporter-output>
        </test-method> <!-- TearDown -->
        <test-method is-config="true" signature="SetUp()[pri:0, instance:TestScenarios.HeaderSectionTest@229d10bd]" started-at="2023-09-16T11:50:13 IST" name="SetUp" finished-at="2023-09-16T11:50:16 IST" duration-ms="2184" status="PASS">
          <reporter-output>
          </reporter-output>
        </test-method> <!-- SetUp -->
        <test-method signature="ClickOnNavbarHome()[pri:10, instance:TestScenarios.HeaderSectionTest@229d10bd]" started-at="2023-09-16T11:50:16 IST" name="ClickOnNavbarHome" finished-at="2023-09-16T11:50:17 IST" duration-ms="1349" status="PASS">
          <reporter-output>
          </reporter-output>
        </test-method> <!-- ClickOnNavbarHome -->
        <test-method is-config="true" signature="TearDown()[pri:0, instance:TestScenarios.HeaderSectionTest@229d10bd]" started-at="2023-09-16T11:50:17 IST" name="TearDown" finished-at="2023-09-16T11:50:17 IST" duration-ms="266" status="PASS">
          <reporter-output>
          </reporter-output>
        </test-method> <!-- TearDown -->
        <test-method is-config="true" signature="SetUp()[pri:0, instance:TestScenarios.HeaderSectionTest@229d10bd]" started-at="2023-09-16T11:50:17 IST" name="SetUp" finished-at="2023-09-16T11:50:20 IST" duration-ms="2926" status="PASS">
          <reporter-output>
          </reporter-output>
        </test-method> <!-- SetUp -->
        <test-method signature="ClickOnLogout()[pri:11, instance:TestScenarios.HeaderSectionTest@229d10bd]" started-at="2023-09-16T11:50:20 IST" name="ClickOnLogout" finished-at="2023-09-16T11:50:21 IST" duration-ms="965" status="PASS">
          <reporter-output>
          </reporter-output>
        </test-method> <!-- ClickOnLogout -->
        <test-method is-config="true" signature="TearDown()[pri:0, instance:TestScenarios.HeaderSectionTest@229d10bd]" started-at="2023-09-16T11:50:21 IST" name="TearDown" finished-at="2023-09-16T11:50:21 IST" duration-ms="243" status="PASS">
          <reporter-output>
          </reporter-output>
        </test-method> <!-- TearDown -->
      </class> <!-- TestScenarios.HeaderSectionTest -->
      <class name="TestScenarios.HomePageTest">
        <test-method is-config="true" signature="SetUp()[pri:0, instance:TestScenarios.HomePageTest@96def03]" started-at="2023-09-16T11:50:21 IST" name="SetUp" finished-at="2023-09-16T11:50:23 IST" duration-ms="2107" status="PASS">
          <reporter-output>
          </reporter-output>
        </test-method> <!-- SetUp -->
        <test-method signature="HomePageHeadingText()[pri:12, instance:TestScenarios.HomePageTest@96def03]" started-at="2023-09-16T11:50:23 IST" name="HomePageHeadingText" finished-at="2023-09-16T11:50:24 IST" duration-ms="880" status="PASS">
          <reporter-output>
          </reporter-output>
        </test-method> <!-- HomePageHeadingText -->
        <test-method is-config="true" signature="TearDown()[pri:0, instance:TestScenarios.HomePageTest@96def03]" started-at="2023-09-16T11:50:24 IST" name="TearDown" finished-at="2023-09-16T11:50:24 IST" duration-ms="202" status="PASS">
          <reporter-output>
          </reporter-output>
        </test-method> <!-- TearDown -->
        <test-method is-config="true" signature="SetUp()[pri:0, instance:TestScenarios.HomePageTest@96def03]" started-at="2023-09-16T11:50:24 IST" name="SetUp" finished-at="2023-09-16T11:50:27 IST" duration-ms="2149" status="PASS">
          <reporter-output>
          </reporter-output>
        </test-method> <!-- SetUp -->
        <test-method signature="ClickOnFindJobFunctionality()[pri:13, instance:TestScenarios.HomePageTest@96def03]" started-at="2023-09-16T11:50:27 IST" name="ClickOnFindJobFunctionality" finished-at="2023-09-16T11:50:28 IST" duration-ms="996" status="PASS">
          <reporter-output>
          </reporter-output>
        </test-method> <!-- ClickOnFindJobFunctionality -->
        <test-method is-config="true" signature="TearDown()[pri:0, instance:TestScenarios.HomePageTest@96def03]" started-at="2023-09-16T11:50:28 IST" name="TearDown" finished-at="2023-09-16T11:50:28 IST" duration-ms="249" status="PASS">
          <reporter-output>
          </reporter-output>
        </test-method> <!-- TearDown -->
      </class> <!-- TestScenarios.HomePageTest -->
      <class name="TestScenarios.LoginPageTest">
        <test-method is-config="true" signature="SetUp()[pri:0, instance:TestScenarios.LoginPageTest@1ed1993a]" started-at="2023-09-16T11:50:01 IST" name="SetUp" finished-at="2023-09-16T11:50:05 IST" duration-ms="4301" status="PASS">
          <reporter-output>
          </reporter-output>
        </test-method> <!-- SetUp -->
        <test-method signature="LoginPageUITest()[pri:1, instance:TestScenarios.LoginPageTest@1ed1993a]" started-at="2023-09-16T11:50:05 IST" name="LoginPageUITest" finished-at="2023-09-16T11:50:05 IST" duration-ms="137" status="PASS">
          <reporter-output>
          </reporter-output>
        </test-method> <!-- LoginPageUITest -->
        <test-method is-config="true" signature="TearDown()[pri:0, instance:TestScenarios.LoginPageTest@1ed1993a]" started-at="2023-09-16T11:50:05 IST" name="TearDown" finished-at="2023-09-16T11:50:06 IST" duration-ms="262" status="PASS">
          <reporter-output>
          </reporter-output>
        </test-method> <!-- TearDown -->
        <test-method is-config="true" signature="SetUp()[pri:0, instance:TestScenarios.LoginPageTest@1ed1993a]" started-at="2023-09-16T11:50:06 IST" name="SetUp" finished-at="2023-09-16T11:50:08 IST" duration-ms="2130" status="PASS">
          <reporter-output>
          </reporter-output>
        </test-method> <!-- SetUp -->
        <test-method signature="SubmissionWithEmptyInput()[pri:2, instance:TestScenarios.LoginPageTest@1ed1993a]" started-at="2023-09-16T11:50:08 IST" name="SubmissionWithEmptyInput" finished-at="2023-09-16T11:50:09 IST" duration-ms="788" status="PASS">
          <reporter-output>
          </reporter-output>
        </test-method> <!-- SubmissionWithEmptyInput -->
        <test-method is-config="true" signature="TearDown()[pri:0, instance:TestScenarios.LoginPageTest@1ed1993a]" started-at="2023-09-16T11:50:09 IST" name="TearDown" finished-at="2023-09-16T11:50:09 IST" duration-ms="268" status="PASS">
          <reporter-output>
          </reporter-output>
        </test-method> <!-- TearDown -->
        <test-method is-config="true" signature="SetUp()[pri:0, instance:TestScenarios.LoginPageTest@1ed1993a]" started-at="2023-09-16T11:50:09 IST" name="SetUp" finished-at="2023-09-16T11:50:11 IST" duration-ms="2082" status="PASS">
          <reporter-output>
          </reporter-output>
        </test-method> <!-- SetUp -->
        <test-method signature="SubmissionWithEmptyUsername()[pri:3, instance:TestScenarios.LoginPageTest@1ed1993a]" started-at="2023-09-16T11:50:11 IST" name="SubmissionWithEmptyUsername" finished-at="2023-09-16T11:50:12 IST" duration-ms="813" status="PASS">
          <reporter-output>
          </reporter-output>
        </test-method> <!-- SubmissionWithEmptyUsername -->
        <test-method is-config="true" signature="TearDown()[pri:0, instance:TestScenarios.LoginPageTest@1ed1993a]" started-at="2023-09-16T11:50:12 IST" name="TearDown" finished-at="2023-09-16T11:50:12 IST" duration-ms="192" status="PASS">
          <reporter-output>
          </reporter-output>
        </test-method> <!-- TearDown -->
        <test-method is-config="true" signature="SetUp()[pri:0, instance:TestScenarios.LoginPageTest@1ed1993a]" started-at="2023-09-16T11:50:12 IST" name="SetUp" finished-at="2023-09-16T11:50:14 IST" duration-ms="1937" status="PASS">
          <reporter-output>
          </reporter-output>
        </test-method> <!-- SetUp -->
        <test-method signature="SubmissionWithEmptyPassword()[pri:4, instance:TestScenarios.LoginPageTest@1ed1993a]" started-at="2023-09-16T11:50:14 IST" name="SubmissionWithEmptyPassword" finished-at="2023-09-16T11:50:15 IST" duration-ms="1032" status="PASS">
          <reporter-output>
          </reporter-output>
        </test-method> <!-- SubmissionWithEmptyPassword -->
        <test-method is-config="true" signature="TearDown()[pri:0, instance:TestScenarios.LoginPageTest@1ed1993a]" started-at="2023-09-16T11:50:15 IST" name="TearDown" finished-at="2023-09-16T11:50:15 IST" duration-ms="181" status="PASS">
          <reporter-output>
          </reporter-output>
        </test-method> <!-- TearDown -->
        <test-method is-config="true" signature="SetUp()[pri:0, instance:TestScenarios.LoginPageTest@1ed1993a]" started-at="2023-09-16T11:50:15 IST" name="SetUp" finished-at="2023-09-16T11:50:17 IST" duration-ms="1834" status="PASS">
          <reporter-output>
          </reporter-output>
        </test-method> <!-- SetUp -->
        <test-method signature="SubmissionWithInvalidPassword()[pri:5, instance:TestScenarios.LoginPageTest@1ed1993a]" started-at="2023-09-16T11:50:17 IST" name="SubmissionWithInvalidPassword" finished-at="2023-09-16T11:50:18 IST" duration-ms="1240" status="PASS">
          <reporter-output>
          </reporter-output>
        </test-method> <!-- SubmissionWithInvalidPassword -->
        <test-method is-config="true" signature="TearDown()[pri:0, instance:TestScenarios.LoginPageTest@1ed1993a]" started-at="2023-09-16T11:50:18 IST" name="TearDown" finished-at="2023-09-16T11:50:18 IST" duration-ms="221" status="PASS">
          <reporter-output>
          </reporter-output>
        </test-method> <!-- TearDown -->
        <test-method is-config="true" signature="SetUp()[pri:0, instance:TestScenarios.LoginPageTest@1ed1993a]" started-at="2023-09-16T11:50:18 IST" name="SetUp" finished-at="2023-09-16T11:50:20 IST" duration-ms="1636" status="PASS">
          <reporter-output>
          </reporter-output>
        </test-method> <!-- SetUp -->
        <test-method signature="SuccessfulLogin()[pri:6, instance:TestScenarios.LoginPageTest@1ed1993a]" started-at="2023-09-16T11:50:20 IST" name="SuccessfulLogin" finished-at="2023-09-16T11:50:21 IST" duration-ms="884" status="PASS">
          <reporter-output>
          </reporter-output>
        </test-method> <!-- SuccessfulLogin -->
        <test-method is-config="true" signature="TearDown()[pri:0, instance:TestScenarios.LoginPageTest@1ed1993a]" started-at="2023-09-16T11:50:21 IST" name="TearDown" finished-at="2023-09-16T11:50:21 IST" duration-ms="350" status="PASS">
          <reporter-output>
          </reporter-output>
        </test-method> <!-- TearDown -->
      </class> <!-- TestScenarios.LoginPageTest -->
      <class name="TestScenarios.JobsPageTest">
        <test-method is-config="true" signature="SetUp()[pri:0, instance:TestScenarios.JobsPageTest@5ccddd20]" started-at="2023-09-16T11:50:21 IST" name="SetUp" finished-at="2023-09-16T11:50:25 IST" duration-ms="3462" status="PASS">
          <reporter-output>
          </reporter-output>
        </test-method> <!-- SetUp -->
        <test-method signature="ProfileContainerUI()[pri:14, instance:TestScenarios.JobsPageTest@5ccddd20]" started-at="2023-09-16T11:50:25 IST" name="ProfileContainerUI" finished-at="2023-09-16T11:50:25 IST" duration-ms="540" status="PASS">
          <reporter-output>
          </reporter-output>
        </test-method> <!-- ProfileContainerUI -->
        <test-method is-config="true" signature="TearDown()[pri:0, instance:TestScenarios.JobsPageTest@5ccddd20]" started-at="2023-09-16T11:50:25 IST" name="TearDown" finished-at="2023-09-16T11:50:26 IST" duration-ms="284" status="PASS">
          <reporter-output>
          </reporter-output>
        </test-method> <!-- TearDown -->
        <test-method is-config="true" signature="SetUp()[pri:0, instance:TestScenarios.JobsPageTest@5ccddd20]" started-at="2023-09-16T11:50:26 IST" name="SetUp" finished-at="2023-09-16T11:50:29 IST" duration-ms="2909" status="PASS">
          <reporter-output>
          </reporter-output>
        </test-method> <!-- SetUp -->
        <test-method signature="SuccessfulSearch(java.lang.String,int)[pri:15, instance:TestScenarios.JobsPageTest@5ccddd20]" started-at="2023-09-16T11:50:29 IST" name="SuccessfulSearch" data-provider="dataSet" finished-at="2023-09-16T11:50:30 IST" duration-ms="908" status="PASS">
          <params>
            <param index="0">
              <value>
                <![CDATA[Devops Engineer]]>
              </value>
            </param>
            <param index="1">
              <value>
                <![CDATA[9]]>
              </value>
            </param>
          </params>
          <reporter-output>
          </reporter-output>
        </test-method> <!-- SuccessfulSearch -->
        <test-method is-config="true" signature="TearDown()[pri:0, instance:TestScenarios.JobsPageTest@5ccddd20]" started-at="2023-09-16T11:50:30 IST" name="TearDown" finished-at="2023-09-16T11:50:30 IST" duration-ms="239" status="PASS">
          <reporter-output>
          </reporter-output>
        </test-method> <!-- TearDown -->
        <test-method is-config="true" signature="SetUp()[pri:0, instance:TestScenarios.JobsPageTest@5ccddd20]" started-at="2023-09-16T11:50:30 IST" name="SetUp" finished-at="2023-09-16T11:50:33 IST" duration-ms="2855" status="PASS">
          <reporter-output>
          </reporter-output>
        </test-method> <!-- SetUp -->
        <test-method signature="SuccessfulSearch(java.lang.String,int)[pri:15, instance:TestScenarios.JobsPageTest@5ccddd20]" started-at="2023-09-16T11:50:33 IST" name="SuccessfulSearch" data-provider="dataSet" finished-at="2023-09-16T11:50:34 IST" duration-ms="912" status="PASS">
          <params>
            <param index="0">
              <value>
                <![CDATA[Backend Engineer]]>
              </value>
            </param>
            <param index="1">
              <value>
                <![CDATA[11]]>
              </value>
            </param>
          </params>
          <reporter-output>
          </reporter-output>
        </test-method> <!-- SuccessfulSearch -->
        <test-method is-config="true" signature="TearDown()[pri:0, instance:TestScenarios.JobsPageTest@5ccddd20]" started-at="2023-09-16T11:50:34 IST" name="TearDown" finished-at="2023-09-16T11:50:34 IST" duration-ms="203" status="PASS">
          <reporter-output>
          </reporter-output>
        </test-method> <!-- TearDown -->
        <test-method is-config="true" signature="SetUp()[pri:0, instance:TestScenarios.JobsPageTest@5ccddd20]" started-at="2023-09-16T11:50:34 IST" name="SetUp" finished-at="2023-09-16T11:50:36 IST" duration-ms="2755" status="PASS">
          <reporter-output>
          </reporter-output>
        </test-method> <!-- SetUp -->
        <test-method signature="SuccessfulSearch(java.lang.String,int)[pri:15, instance:TestScenarios.JobsPageTest@5ccddd20]" started-at="2023-09-16T11:50:36 IST" name="SuccessfulSearch" data-provider="dataSet" finished-at="2023-09-16T11:50:37 IST" duration-ms="869" status="PASS">
          <params>
            <param index="0">
              <value>
                <![CDATA[Frontend Engineer]]>
              </value>
            </param>
            <param index="1">
              <value>
                <![CDATA[13]]>
              </value>
            </param>
          </params>
          <reporter-output>
          </reporter-output>
        </test-method> <!-- SuccessfulSearch -->
        <test-method is-config="true" signature="TearDown()[pri:0, instance:TestScenarios.JobsPageTest@5ccddd20]" started-at="2023-09-16T11:50:37 IST" name="TearDown" finished-at="2023-09-16T11:50:38 IST" duration-ms="385" status="PASS">
          <reporter-output>
          </reporter-output>
        </test-method> <!-- TearDown -->
        <test-method is-config="true" signature="SetUp()[pri:0, instance:TestScenarios.JobsPageTest@5ccddd20]" started-at="2023-09-16T11:50:38 IST" name="SetUp" finished-at="2023-09-16T11:50:46 IST" duration-ms="7842" status="PASS">
          <reporter-output>
          </reporter-output>
        </test-method> <!-- SetUp -->
        <test-method signature="SuccessfulSearch(java.lang.String,int)[pri:15, instance:TestScenarios.JobsPageTest@5ccddd20]" started-at="2023-09-16T11:50:46 IST" name="SuccessfulSearch" data-provider="dataSet" finished-at="2023-09-16T11:50:46 IST" duration-ms="878" status="PASS">
          <params>
            <param index="0">
              <value>
                <![CDATA[Fullstack Developer]]>
              </value>
            </param>
            <param index="1">
              <value>
                <![CDATA[6]]>
              </value>
            </param>
          </params>
          <reporter-output>
          </reporter-output>
        </test-method> <!-- SuccessfulSearch -->
        <test-method is-config="true" signature="TearDown()[pri:0, instance:TestScenarios.JobsPageTest@5ccddd20]" started-at="2023-09-16T11:50:46 IST" name="TearDown" finished-at="2023-09-16T11:50:47 IST" duration-ms="261" status="PASS">
          <reporter-output>
          </reporter-output>
        </test-method> <!-- TearDown -->
        <test-method is-config="true" signature="SetUp()[pri:0, instance:TestScenarios.JobsPageTest@5ccddd20]" started-at="2023-09-16T11:50:47 IST" name="SetUp" finished-at="2023-09-16T11:50:50 IST" duration-ms="2788" status="PASS">
          <reporter-output>
          </reporter-output>
        </test-method> <!-- SetUp -->
        <test-method signature="SuccessfulSearch(java.lang.String,int)[pri:15, instance:TestScenarios.JobsPageTest@5ccddd20]" started-at="2023-09-16T11:50:50 IST" name="SuccessfulSearch" data-provider="dataSet" finished-at="2023-09-16T11:50:50 IST" duration-ms="895" status="PASS">
          <params>
            <param index="0">
              <value>
                <![CDATA[Data Scientist]]>
              </value>
            </param>
            <param index="1">
              <value>
                <![CDATA[11]]>
              </value>
            </param>
          </params>
          <reporter-output>
          </reporter-output>
        </test-method> <!-- SuccessfulSearch -->
        <test-method is-config="true" signature="TearDown()[pri:0, instance:TestScenarios.JobsPageTest@5ccddd20]" started-at="2023-09-16T11:50:50 IST" name="TearDown" finished-at="2023-09-16T11:50:51 IST" duration-ms="242" status="PASS">
          <reporter-output>
          </reporter-output>
        </test-method> <!-- TearDown -->
        <test-method is-config="true" signature="SetUp()[pri:0, instance:TestScenarios.JobsPageTest@5ccddd20]" started-at="2023-09-16T11:50:51 IST" name="SetUp" finished-at="2023-09-16T11:50:53 IST" duration-ms="2811" status="PASS">
          <reporter-output>
          </reporter-output>
        </test-method> <!-- SetUp -->
        <test-method signature="SuccessfulSearch(java.lang.String,int)[pri:15, instance:TestScenarios.JobsPageTest@5ccddd20]" started-at="2023-09-16T11:50:53 IST" name="SuccessfulSearch" data-provider="dataSet" finished-at="2023-09-16T11:50:54 IST" duration-ms="870" status="PASS">
          <params>
            <param index="0">
              <value>
                <![CDATA[ML Engineer]]>
              </value>
            </param>
            <param index="1">
              <value>
                <![CDATA[10]]>
              </value>
            </param>
          </params>
          <reporter-output>
          </reporter-output>
        </test-method> <!-- SuccessfulSearch -->
        <test-method is-config="true" signature="TearDown()[pri:0, instance:TestScenarios.JobsPageTest@5ccddd20]" started-at="2023-09-16T11:50:54 IST" name="TearDown" finished-at="2023-09-16T11:50:55 IST" duration-ms="248" status="PASS">
          <reporter-output>
          </reporter-output>
        </test-method> <!-- TearDown -->
        <test-method is-config="true" signature="SetUp()[pri:0, instance:TestScenarios.JobsPageTest@5ccddd20]" started-at="2023-09-16T11:50:55 IST" name="SetUp" finished-at="2023-09-16T11:50:57 IST" duration-ms="2654" status="PASS">
          <reporter-output>
          </reporter-output>
        </test-method> <!-- SetUp -->
        <test-method signature="UnsuccessfulSearch()[pri:16, instance:TestScenarios.JobsPageTest@5ccddd20]" started-at="2023-09-16T11:50:57 IST" name="UnsuccessfulSearch" finished-at="2023-09-16T11:50:58 IST" duration-ms="1013" status="PASS">
          <reporter-output>
          </reporter-output>
        </test-method> <!-- UnsuccessfulSearch -->
        <test-method is-config="true" signature="TearDown()[pri:0, instance:TestScenarios.JobsPageTest@5ccddd20]" started-at="2023-09-16T11:50:58 IST" name="TearDown" finished-at="2023-09-16T11:50:58 IST" duration-ms="200" status="PASS">
          <reporter-output>
          </reporter-output>
        </test-method> <!-- TearDown -->
      </class> <!-- TestScenarios.JobsPageTest -->
    </test> <!-- POMJobbyAppTest4 -->
  </suite> <!-- All Test Suite -->
</testng-results>
